This is pdfTeX, Version 3.14159265-2.6-1.40.18 (TeX Live 2017) (preloaded format=pdflatex 2018.6.26)  1 NOV 2018 10:15
entering extended mode
 restricted \write18 enabled.
 %&-line parsing enabled.
**rap-latex-cv.tex
(./rap-latex-cv.tex
LaTeX2e <2017/01/01> patch level 3
Babel <3.10> and hyphenation patterns for 17 language(s) loaded.

! LaTeX Error: File `$documentclass$.cls' not found.

Type X to quit or <RETURN> to proceed,
or enter new name. (Default extension: cls)

Enter file name: 
! Emergency stop.
<read *> 
         
l.2 $
     if(fontfamily)$^^M
*** (cannot \read from terminal in nonstop modes)

 
Here is how much of TeX's memory you used:
 10 strings out of 494367
 236 string characters out of 6171521
 50011 words of memory out of 5000000
 3435 multiletter control sequences out of 15000+600000
 3640 words of font info for 14 fonts, out of 8000000 for 9000
 430 hyphenation exceptions out of 8191
 10i,0n,7p,198b,8s stack positions out of 5000i,500n,10000p,200000b,80000s
!  ==> Fatal error occurred, no output PDF file produced!
